<?xml version="1.0" encoding="UTF-8"?>
<!-- Generated by org.testng.reporters.JUnitXMLReporter -->
<testsuite ignored="2" hostname="DESKTOP-8C0LO3K" failures="1" tests="2" name="Test" time="0.097" errors="0" timestamp="2024-06-13T19:30:54 IST">
  <testcase classname="learnTestNG.WebTesting" name="firstWebTest" time="0.0">
    <failure type="org.testng.TestNGException" message="
Parameter &amp;apos;UserName&amp;apos; is required by @Test on method firstWebTest but has not been marked @Optional or defined
in C:\Users\InfoBahn\eclipse-workspace\ObsquraSelenium\Smoke.xml">
      <![CDATA[org.testng.TestNGException: 
Parameter 'UserName' is required by @Test on method firstWebTest but has not been marked @Optional or defined
in C:\Users\InfoBahn\eclipse-workspace\ObsquraSelenium\Smoke.xml
at java.base/java.util.ArrayList.forEach(ArrayList.java:1511)
... Removed 26 stack frames]]>
    </failure>
  </testcase> <!-- firstWebTest -->
  <testcase classname="learnTestNG.MobileTesting" name="firstMobileTest" time="0.006"/>
  <testcase classname="learnTestNG.WebTesting" name="secondWebTest" time="0.0">
    <ignored/>
  </testcase> <!-- secondWebTest -->
  <testcase classname="learnTestNG.MobileTesting" name="secondMobileTest" time="0.0">
    <ignored/>
  </testcase> <!-- secondMobileTest -->
</testsuite> <!-- Test -->
